<?xml version="1.0" encoding="UTF-8"?>
<testng-results ignored="0" total="1" passed="1" failed="0" skipped="0">
  <reporter-output>
  </reporter-output>
  <suite started-at="2021-02-03T14:28:49 PST" name="Default suite" finished-at="2021-02-03T14:28:49 PST" duration-ms="89">
    <groups>
    </groups>
    <test started-at="2021-02-03T14:28:49 PST" name="Default test" finished-at="2021-02-03T14:28:49 PST" duration-ms="89">
      <class name="com.edureka.testPackage.TestCaseClass">
        <test-method is-config="true" signature="beforeSuite()[pri:0, instance:com.edureka.testPackage.TestCaseClass@534a5a98]" started-at="2021-02-03T14:28:49 PST" name="beforeSuite" finished-at="2021-02-03T14:28:49 PST" duration-ms="20" status="PASS">
          <reporter-output>
          </reporter-output>
        </test-method> <!-- beforeSuite -->
        <test-method is-config="true" signature="beforeClass()[pri:0, instance:com.edureka.testPackage.TestCaseClass@534a5a98]" started-at="2021-02-03T14:28:49 PST" name="beforeClass" finished-at="2021-02-03T14:28:49 PST" duration-ms="1" status="PASS">
          <reporter-output>
          </reporter-output>
        </test-method> <!-- beforeClass -->
        <test-method is-config="true" signature="beforeMethodClass()[pri:0, instance:com.edureka.testPackage.TestCaseClass@534a5a98]" started-at="2021-02-03T14:28:49 PST" name="beforeMethodClass" finished-at="2021-02-03T14:28:49 PST" duration-ms="4" status="PASS">
          <reporter-output>
          </reporter-output>
        </test-method> <!-- beforeMethodClass -->
        <test-method signature="returnTicket()[pri:0, instance:com.edureka.testPackage.TestCaseClass@534a5a98]" started-at="2021-02-03T14:28:49 PST" name="returnTicket" finished-at="2021-02-03T14:28:49 PST" duration-ms="14" status="PASS">
          <reporter-output>
          </reporter-output>
        </test-method> <!-- returnTicket -->
        <test-method is-config="true" signature="close()[pri:0, instance:com.edureka.testPackage.TestCaseClass@534a5a98]" started-at="2021-02-03T14:28:49 PST" name="close" finished-at="2021-02-03T14:28:49 PST" duration-ms="1" status="PASS">
          <reporter-output>
          </reporter-output>
        </test-method> <!-- close -->
        <test-method is-config="true" signature="afterClass()[pri:0, instance:com.edureka.testPackage.TestCaseClass@534a5a98]" started-at="2021-02-03T14:28:49 PST" name="afterClass" finished-at="2021-02-03T14:28:49 PST" duration-ms="1" status="PASS">
          <reporter-output>
          </reporter-output>
        </test-method> <!-- afterClass -->
      </class> <!-- com.edureka.testPackage.TestCaseClass -->
    </test> <!-- Default test -->
  </suite> <!-- Default suite -->
</testng-results>
